[This test output corresponds to nonces 115 - 119 on Moonbase Alpha: https://moonbase.moonscan.io/address/0x05a81d8564a3ea298660e34e03e5eff9a29d7a2a]
   Compiling privadex_executor v0.1.0 (test/dex-aggregator/privadex/executor)
    Finished dev [unoptimized + debuginfo] target(s) in 5.16s
     Running `test/dex-aggregator/target/debug/examples/privadex_execute_static_plan_moonbase_alpha`
Estimate gas: Ok(30379)
Transaction: Transaction { to: Some(0xcdf746c5c86df2c2772d2d36e227b4c0203cba25), nonce: 115, gas: 30379, gas_price: 1000000000, value: 0, data: [169, 5, 156, 187, 0, 0, 0, 0, 0, 0, 0, 0, 0, 0, 0, 0, 5, 168, 29, 133, 100, 163, 234, 41, 134, 96, 227, 78, 3, 229, 239, 249, 162, 157, 122, 42, 0, 0, 0, 0, 0, 0, 0, 0, 0, 0, 0, 0, 0, 0, 0, 0, 0, 0, 0, 0, 0, 0, 0, 0, 41, 162, 36, 26, 246, 44, 0, 0], transaction_type: None, access_list: [], max_priority_fee_per_gas: 1000000000 }
Executing prestart step: Ok(0x830401b3b071a1c3c6e61db0a72902d82ca397d0b65567b0572fee875707abb9)
Step forward result: Ok(StepForwardResult { did_status_change: false, amount_out: None })
Step forward result: Ok(StepForwardResult { did_status_change: false, amount_out: None })
Step forward result: Ok(StepForwardResult { did_status_change: false, amount_out: None })
Estimate gas: Ok(144106)
Transaction: Transaction { to: Some(0x8a1932d6e26433f3037bd6c3a40c816222a6ccd4), nonce: 116, gas: 144106, gas_price: 1000000000, value: 0, data: [24, 203, 175, 229, 0, 0, 0, 0, 0, 0, 0, 0, 0, 0, 0, 0, 0, 0, 0, 0, 0, 0, 0, 0, 0, 0, 0, 0, 41, 162, 36, 26, 246, 44, 0, 0, 0, 0, 0, 0, 0, 0, 0, 0, 0, 0, 0, 0, 0, 0, 0, 0, 0, 0, 0, 0, 0, 0, 0, 0, 0, 0, 0, 0, 0, 0, 0, 0, 0, 0, 0, 0, 0, 0, 0, 0, 0, 0, 0, 0, 0, 0, 0, 0, 0, 0, 0, 0, 0, 0, 0, 0, 0, 0, 0, 0, 0, 0, 0, 160, 0, 0, 0, 0, 0, 0, 0, 0, 0, 0, 0, 0, 5, 168, 29, 133, 100, 163, 234, 41, 134, 96, 227, 78, 3, 229, 239, 249, 162, 157, 122, 42, 0, 0, 0, 0, 0, 0, 0, 0, 0, 0, 0, 0, 0, 0, 0, 0, 0, 0, 0, 0, 0, 0, 0, 0, 0, 0, 1, 133, 149, 193, 138, 49, 0, 0, 0, 0, 0, 0, 0, 0, 0, 0, 0, 0, 0, 0, 0, 0, 0, 0, 0, 0, 0, 0, 0, 0, 0, 0, 0, 0, 0, 0, 0, 2, 0, 0, 0, 0, 0, 0, 0, 0, 0, 0, 0, 0, 205, 247, 70, 197, 200, 109, 242, 194, 119, 45, 45, 54, 226, 39, 180, 192, 32, 60, 186, 37, 0, 0, 0, 0, 0, 0, 0, 0, 0, 0, 0, 0, 217, 9, 23, 140, 201, 157, 49, 142, 77, 70, 231, 230, 106, 151, 41, 85, 133, 150, 112, 225], transaction_type: None, access_list: [], max_priority_fee_per_gas: 1000000000 }
Step forward result: Ok(StepForwardResult { did_status_change: true, amount_out: None })
[26 secs elapsed] State: InProgress, ExecutionPlan [Uuid(0x00000000000000000000000000000000)]: 
prestart_user_to_escrow_transfer = ExecutionStep { uuid: Uuid(0x00000000000000000000000000000000), inner: ERC20Transfer(ERC20TransferStep { token: UniversalTokenId { chain: SubstrateParachain(MoonbaseRelay, 1000), id: ERC20(ERC20Token { addr: 0xcdf746c5c86df2c2772d2d36e227b4c0203cba25 }) }, amount: Some(3000000000000000000), common: CommonExecutionMeta { src_addr: Ethereum(0x05a81d8564a3ea298660e34e03e5eff9a29d7a2a), dest_addr: Ethereum(0x05a81d8564a3ea298660e34e03e5eff9a29d7a2a), gas_fee_native: 27010000000000, gas_fee_usd: 540200000000000 }, status: Confirmed(0x830401b3b071a1c3c6e61db0a72902d82ca397d0b65567b0572fee875707abb9) }) }, 
postend_escrow_to_user_transfer = ExecutionStep { uuid: Uuid(0x00000000000000000000000000000000), inner: ERC20Transfer(ERC20TransferStep { token: UniversalTokenId { chain: SubstrateParachain(MoonbaseRelay, 1000), id: XC20(XC20Token { asset_id: 222902676330054289648817870329963141953 }) }, amount: None, common: CommonExecutionMeta { src_addr: Ethereum(0x05a81d8564a3ea298660e34e03e5eff9a29d7a2a), dest_addr: Ethereum(0x05a81d8564a3ea298660e34e03e5eff9a29d7a2a), gas_fee_native: 1000000000, gas_fee_usd: 20000000000 }, status: NotStarted }) }
ExecutionPath 1: ExecutionPath (4 steps, amount_out = None):
  ExecutionStep { uuid: Uuid(0x00000000000000000000000000000000), inner: EthDexSwap(EthDexSwapStep { dex_router_addr: 0x8a1932d6e26433f3037bd6c3a40c816222a6ccd4, dex_router_func: SwapExactTokensForETH, token_path: [UniversalTokenId { chain: SubstrateParachain(MoonbaseRelay, 1000), id: ERC20(ERC20Token { addr: 0xcdf746c5c86df2c2772d2d36e227b4c0203cba25 }) }, UniversalTokenId { chain: SubstrateParachain(MoonbaseRelay, 1000), id: ERC20(ERC20Token { addr: 0xd909178cc99d318e4d46e7e66a972955859670e1 }) }], amount_in: Some(3000000000000000000), common: CommonExecutionMeta { src_addr: Ethereum(0x05a81d8564a3ea298660e34e03e5eff9a29d7a2a), dest_addr: Ethereum(0x05a81d8564a3ea298660e34e03e5eff9a29d7a2a), gas_fee_native: 1000000000, gas_fee_usd: 20000000000 }, status: Submitted(EthPendingTxnId { txn_hash: 0xe39352617792c4d166c99bc24b51ef4155255f53858850f445b47551ed3b5ca1, end_block_num: 3516368 }) }) }
  ExecutionStep { uuid: Uuid(0x00000000000000000000000000000000), inner: EthWrap(EthWrapStep { chain: SubstrateParachain(MoonbaseRelay, 1000), amount: None, common: CommonExecutionMeta { src_addr: Ethereum(0x05a81d8564a3ea298660e34e03e5eff9a29d7a2a), dest_addr: Ethereum(0x05a81d8564a3ea298660e34e03e5eff9a29d7a2a), gas_fee_native: 1000000000, gas_fee_usd: 20000000000 }, status: NotStarted }) }
  ExecutionStep { uuid: Uuid(0x00000000000000000000000000000000), inner: EthUnwrap(EthUnwrapStep { chain: SubstrateParachain(MoonbaseRelay, 1000), amount: None, common: CommonExecutionMeta { src_addr: Ethereum(0x05a81d8564a3ea298660e34e03e5eff9a29d7a2a), dest_addr: Ethereum(0x05a81d8564a3ea298660e34e03e5eff9a29d7a2a), gas_fee_native: 1000000000, gas_fee_usd: 20000000000 }, status: NotStarted }) }
  ExecutionStep { uuid: Uuid(0x00000000000000000000000000000000), inner: XCMTransfer(XCMTransferStep { src_token: UniversalTokenId { chain: SubstrateParachain(MoonbaseRelay, 1000), id: Native }, dest_token: UniversalTokenId { chain: SubstrateParachain(MoonbaseRelay, 1000), id: XC20(XC20Token { asset_id: 222902676330054289648817870329963141953 }) }, token_asset_multilocation: MultiLocation { parents: 0, interior: X1(PalletInstance(3)) }, full_dest_multilocation: MultiLocation { parents: 1, interior: X2(Parachain(888), AccountKey20 { network: Any, key: [5, 168, 29, 133, 100, 163, 234, 41, 134, 96, 227, 78, 3, 229, 239, 249, 162, 157, 122, 42] }) }, amount_in: None, bridge_fee_native: 100000000, bridge_fee_usd: 3000000000000, common: CommonExecutionMeta { src_addr: Ethereum(0x05a81d8564a3ea298660e34e03e5eff9a29d7a2a), dest_addr: Ethereum(0x05a81d8564a3ea298660e34e03e5eff9a29d7a2a), gas_fee_native: 1000000000, gas_fee_usd: 20000000000 }, status: NotStarted }) }

Step forward result: Ok(StepForwardResult { did_status_change: false, amount_out: None })
Step forward result: Ok(StepForwardResult { did_status_change: false, amount_out: None })
Step forward result: Ok(StepForwardResult { did_status_change: false, amount_out: None })
Estimate gas: Ok(27827)
Transaction: Transaction { to: Some(0xd909178cc99d318e4d46e7e66a972955859670e1), nonce: 117, gas: 27827, gas_price: 1000000000, value: 41126181921044987, data: [208, 227, 13, 176], transaction_type: None, access_list: [], max_priority_fee_per_gas: 1000000000 }
Step forward result: Ok(StepForwardResult { did_status_change: true, amount_out: None })
[52 secs elapsed] State: InProgress, ExecutionPlan [Uuid(0x00000000000000000000000000000000)]: 
prestart_user_to_escrow_transfer = ExecutionStep { uuid: Uuid(0x00000000000000000000000000000000), inner: ERC20Transfer(ERC20TransferStep { token: UniversalTokenId { chain: SubstrateParachain(MoonbaseRelay, 1000), id: ERC20(ERC20Token { addr: 0xcdf746c5c86df2c2772d2d36e227b4c0203cba25 }) }, amount: Some(3000000000000000000), common: CommonExecutionMeta { src_addr: Ethereum(0x05a81d8564a3ea298660e34e03e5eff9a29d7a2a), dest_addr: Ethereum(0x05a81d8564a3ea298660e34e03e5eff9a29d7a2a), gas_fee_native: 27010000000000, gas_fee_usd: 540200000000000 }, status: Confirmed(0x830401b3b071a1c3c6e61db0a72902d82ca397d0b65567b0572fee875707abb9) }) }, 
postend_escrow_to_user_transfer = ExecutionStep { uuid: Uuid(0x00000000000000000000000000000000), inner: ERC20Transfer(ERC20TransferStep { token: UniversalTokenId { chain: SubstrateParachain(MoonbaseRelay, 1000), id: XC20(XC20Token { asset_id: 222902676330054289648817870329963141953 }) }, amount: None, common: CommonExecutionMeta { src_addr: Ethereum(0x05a81d8564a3ea298660e34e03e5eff9a29d7a2a), dest_addr: Ethereum(0x05a81d8564a3ea298660e34e03e5eff9a29d7a2a), gas_fee_native: 1000000000, gas_fee_usd: 20000000000 }, status: NotStarted }) }
ExecutionPath 1: ExecutionPath (4 steps, amount_out = None):
  ExecutionStep { uuid: Uuid(0x00000000000000000000000000000000), inner: EthDexSwap(EthDexSwapStep { dex_router_addr: 0x8a1932d6e26433f3037bd6c3a40c816222a6ccd4, dex_router_func: SwapExactTokensForETH, token_path: [UniversalTokenId { chain: SubstrateParachain(MoonbaseRelay, 1000), id: ERC20(ERC20Token { addr: 0xcdf746c5c86df2c2772d2d36e227b4c0203cba25 }) }, UniversalTokenId { chain: SubstrateParachain(MoonbaseRelay, 1000), id: ERC20(ERC20Token { addr: 0xd909178cc99d318e4d46e7e66a972955859670e1 }) }], amount_in: Some(3000000000000000000), common: CommonExecutionMeta { src_addr: Ethereum(0x05a81d8564a3ea298660e34e03e5eff9a29d7a2a), dest_addr: Ethereum(0x05a81d8564a3ea298660e34e03e5eff9a29d7a2a), gas_fee_native: 118757000000000, gas_fee_usd: 2375140000000000 }, status: Confirmed(0xe39352617792c4d166c99bc24b51ef4155255f53858850f445b47551ed3b5ca1) }) }
  ExecutionStep { uuid: Uuid(0x00000000000000000000000000000000), inner: EthWrap(EthWrapStep { chain: SubstrateParachain(MoonbaseRelay, 1000), amount: Some(41126181921044987), common: CommonExecutionMeta { src_addr: Ethereum(0x05a81d8564a3ea298660e34e03e5eff9a29d7a2a), dest_addr: Ethereum(0x05a81d8564a3ea298660e34e03e5eff9a29d7a2a), gas_fee_native: 1000000000, gas_fee_usd: 20000000000 }, status: Submitted(EthPendingTxnId { txn_hash: 0x53e513a3505010c7c1a47cb70183af446d3337839c9df135f694806146948e6b, end_block_num: 3516370 }) }) }
  ExecutionStep { uuid: Uuid(0x00000000000000000000000000000000), inner: EthUnwrap(EthUnwrapStep { chain: SubstrateParachain(MoonbaseRelay, 1000), amount: None, common: CommonExecutionMeta { src_addr: Ethereum(0x05a81d8564a3ea298660e34e03e5eff9a29d7a2a), dest_addr: Ethereum(0x05a81d8564a3ea298660e34e03e5eff9a29d7a2a), gas_fee_native: 1000000000, gas_fee_usd: 20000000000 }, status: NotStarted }) }
  ExecutionStep { uuid: Uuid(0x00000000000000000000000000000000), inner: XCMTransfer(XCMTransferStep { src_token: UniversalTokenId { chain: SubstrateParachain(MoonbaseRelay, 1000), id: Native }, dest_token: UniversalTokenId { chain: SubstrateParachain(MoonbaseRelay, 1000), id: XC20(XC20Token { asset_id: 222902676330054289648817870329963141953 }) }, token_asset_multilocation: MultiLocation { parents: 0, interior: X1(PalletInstance(3)) }, full_dest_multilocation: MultiLocation { parents: 1, interior: X2(Parachain(888), AccountKey20 { network: Any, key: [5, 168, 29, 133, 100, 163, 234, 41, 134, 96, 227, 78, 3, 229, 239, 249, 162, 157, 122, 42] }) }, amount_in: None, bridge_fee_native: 100000000, bridge_fee_usd: 3000000000000, common: CommonExecutionMeta { src_addr: Ethereum(0x05a81d8564a3ea298660e34e03e5eff9a29d7a2a), dest_addr: Ethereum(0x05a81d8564a3ea298660e34e03e5eff9a29d7a2a), gas_fee_native: 1000000000, gas_fee_usd: 20000000000 }, status: NotStarted }) }

Step forward result: Ok(StepForwardResult { did_status_change: false, amount_out: None })
Step forward result: Ok(StepForwardResult { did_status_change: false, amount_out: None })
Estimate gas: Ok(36180)
Transaction: Transaction { to: Some(0xd909178cc99d318e4d46e7e66a972955859670e1), nonce: 118, gas: 36180, gas_price: 1000000000, value: 0, data: [46, 26, 125, 77, 0, 0, 0, 0, 0, 0, 0, 0, 0, 0, 0, 0, 0, 0, 0, 0, 0, 0, 0, 0, 0, 0, 0, 0, 0, 146, 28, 11, 104, 95, 57, 251], transaction_type: None, access_list: [], max_priority_fee_per_gas: 1000000000 }
Step forward result: Ok(StepForwardResult { did_status_change: true, amount_out: None })
[73 secs elapsed] State: InProgress, ExecutionPlan [Uuid(0x00000000000000000000000000000000)]: 
prestart_user_to_escrow_transfer = ExecutionStep { uuid: Uuid(0x00000000000000000000000000000000), inner: ERC20Transfer(ERC20TransferStep { token: UniversalTokenId { chain: SubstrateParachain(MoonbaseRelay, 1000), id: ERC20(ERC20Token { addr: 0xcdf746c5c86df2c2772d2d36e227b4c0203cba25 }) }, amount: Some(3000000000000000000), common: CommonExecutionMeta { src_addr: Ethereum(0x05a81d8564a3ea298660e34e03e5eff9a29d7a2a), dest_addr: Ethereum(0x05a81d8564a3ea298660e34e03e5eff9a29d7a2a), gas_fee_native: 27010000000000, gas_fee_usd: 540200000000000 }, status: Confirmed(0x830401b3b071a1c3c6e61db0a72902d82ca397d0b65567b0572fee875707abb9) }) }, 
postend_escrow_to_user_transfer = ExecutionStep { uuid: Uuid(0x00000000000000000000000000000000), inner: ERC20Transfer(ERC20TransferStep { token: UniversalTokenId { chain: SubstrateParachain(MoonbaseRelay, 1000), id: XC20(XC20Token { asset_id: 222902676330054289648817870329963141953 }) }, amount: None, common: CommonExecutionMeta { src_addr: Ethereum(0x05a81d8564a3ea298660e34e03e5eff9a29d7a2a), dest_addr: Ethereum(0x05a81d8564a3ea298660e34e03e5eff9a29d7a2a), gas_fee_native: 1000000000, gas_fee_usd: 20000000000 }, status: NotStarted }) }
ExecutionPath 1: ExecutionPath (4 steps, amount_out = None):
  ExecutionStep { uuid: Uuid(0x00000000000000000000000000000000), inner: EthDexSwap(EthDexSwapStep { dex_router_addr: 0x8a1932d6e26433f3037bd6c3a40c816222a6ccd4, dex_router_func: SwapExactTokensForETH, token_path: [UniversalTokenId { chain: SubstrateParachain(MoonbaseRelay, 1000), id: ERC20(ERC20Token { addr: 0xcdf746c5c86df2c2772d2d36e227b4c0203cba25 }) }, UniversalTokenId { chain: SubstrateParachain(MoonbaseRelay, 1000), id: ERC20(ERC20Token { addr: 0xd909178cc99d318e4d46e7e66a972955859670e1 }) }], amount_in: Some(3000000000000000000), common: CommonExecutionMeta { src_addr: Ethereum(0x05a81d8564a3ea298660e34e03e5eff9a29d7a2a), dest_addr: Ethereum(0x05a81d8564a3ea298660e34e03e5eff9a29d7a2a), gas_fee_native: 118757000000000, gas_fee_usd: 2375140000000000 }, status: Confirmed(0xe39352617792c4d166c99bc24b51ef4155255f53858850f445b47551ed3b5ca1) }) }
  ExecutionStep { uuid: Uuid(0x00000000000000000000000000000000), inner: EthWrap(EthWrapStep { chain: SubstrateParachain(MoonbaseRelay, 1000), amount: Some(41126181921044987), common: CommonExecutionMeta { src_addr: Ethereum(0x05a81d8564a3ea298660e34e03e5eff9a29d7a2a), dest_addr: Ethereum(0x05a81d8564a3ea298660e34e03e5eff9a29d7a2a), gas_fee_native: 27810000000000, gas_fee_usd: 556200000000000 }, status: Confirmed(0x53e513a3505010c7c1a47cb70183af446d3337839c9df135f694806146948e6b) }) }
  ExecutionStep { uuid: Uuid(0x00000000000000000000000000000000), inner: EthUnwrap(EthUnwrapStep { chain: SubstrateParachain(MoonbaseRelay, 1000), amount: Some(41126181921044987), common: CommonExecutionMeta { src_addr: Ethereum(0x05a81d8564a3ea298660e34e03e5eff9a29d7a2a), dest_addr: Ethereum(0x05a81d8564a3ea298660e34e03e5eff9a29d7a2a), gas_fee_native: 1000000000, gas_fee_usd: 20000000000 }, status: Submitted(EthPendingTxnId { txn_hash: 0x63974ec3f007b54c30f73bfca4c7227f49b6e13fc3d1a395b11d7ca380891168, end_block_num: 3516372 }) }) }
  ExecutionStep { uuid: Uuid(0x00000000000000000000000000000000), inner: XCMTransfer(XCMTransferStep { src_token: UniversalTokenId { chain: SubstrateParachain(MoonbaseRelay, 1000), id: Native }, dest_token: UniversalTokenId { chain: SubstrateParachain(MoonbaseRelay, 1000), id: XC20(XC20Token { asset_id: 222902676330054289648817870329963141953 }) }, token_asset_multilocation: MultiLocation { parents: 0, interior: X1(PalletInstance(3)) }, full_dest_multilocation: MultiLocation { parents: 1, interior: X2(Parachain(888), AccountKey20 { network: Any, key: [5, 168, 29, 133, 100, 163, 234, 41, 134, 96, 227, 78, 3, 229, 239, 249, 162, 157, 122, 42] }) }, amount_in: None, bridge_fee_native: 100000000, bridge_fee_usd: 3000000000000, common: CommonExecutionMeta { src_addr: Ethereum(0x05a81d8564a3ea298660e34e03e5eff9a29d7a2a), dest_addr: Ethereum(0x05a81d8564a3ea298660e34e03e5eff9a29d7a2a), gas_fee_native: 1000000000, gas_fee_usd: 20000000000 }, status: NotStarted }) }

Step forward result: Ok(StepForwardResult { did_status_change: false, amount_out: None })
Step forward result: Ok(StepForwardResult { did_status_change: false, amount_out: None })
Step forward result: Ok(StepForwardResult { did_status_change: false, amount_out: None })
Step forward result: Ok(StepForwardResult { did_status_change: false, amount_out: None })
Step forward result: Ok(StepForwardResult { did_status_change: false, amount_out: None })
Step forward result: Ok(StepForwardResult { did_status_change: false, amount_out: None })
Extrinsic head (isSigned + extrinsic version): "0x84"
Signature: "0x10b7b509937652c37369b9bb4ef8f1b75e9251b1e67235a320dc806bd696215c7e19394c7a3c7abe7dbbf2a97249b8d718a0fbf7e84aef95efcb6f60fa48090e00"
Extra: "0x6501dd0100"
Call data: "0x1e01010000010403000ffb395f680b1c9201010200e10d030005a81d8564a3ea298660e34e03e5eff9a29d7a2a0102286bee"
Step forward result: Err(RpcRequestFailed)
Extrinsic head (isSigned + extrinsic version): "0x84"
Signature: "0x10b7b509937652c37369b9bb4ef8f1b75e9251b1e67235a320dc806bd696215c7e19394c7a3c7abe7dbbf2a97249b8d718a0fbf7e84aef95efcb6f60fa48090e00"
Extra: "0x6501dd0100"
Call data: "0x1e01010000010403000ffb395f680b1c9201010200e10d030005a81d8564a3ea298660e34e03e5eff9a29d7a2a0102286bee"
Step forward result: Err(RpcRequestFailed)
Extrinsic head (isSigned + extrinsic version): "0x84"
Signature: "0xdc162c67d295006bd152c6ad74c998a0933142ebd1e1a19fc54098a715897198227bace1a83e2104d800c7b873643afe63722cc8665bd17cdb2dfbd6e272e42100"
Extra: "0x6501dd0100"
Call data: "0x1e01010000010403000ffb395f680b1c9201010200e10d030005a81d8564a3ea298660e34e03e5eff9a29d7a2a0102286bee"
Step forward result: Ok(StepForwardResult { did_status_change: true, amount_out: None })
[135 secs elapsed] State: InProgress, ExecutionPlan [Uuid(0x00000000000000000000000000000000)]: 
prestart_user_to_escrow_transfer = ExecutionStep { uuid: Uuid(0x00000000000000000000000000000000), inner: ERC20Transfer(ERC20TransferStep { token: UniversalTokenId { chain: SubstrateParachain(MoonbaseRelay, 1000), id: ERC20(ERC20Token { addr: 0xcdf746c5c86df2c2772d2d36e227b4c0203cba25 }) }, amount: Some(3000000000000000000), common: CommonExecutionMeta { src_addr: Ethereum(0x05a81d8564a3ea298660e34e03e5eff9a29d7a2a), dest_addr: Ethereum(0x05a81d8564a3ea298660e34e03e5eff9a29d7a2a), gas_fee_native: 27010000000000, gas_fee_usd: 540200000000000 }, status: Confirmed(0x830401b3b071a1c3c6e61db0a72902d82ca397d0b65567b0572fee875707abb9) }) }, 
postend_escrow_to_user_transfer = ExecutionStep { uuid: Uuid(0x00000000000000000000000000000000), inner: ERC20Transfer(ERC20TransferStep { token: UniversalTokenId { chain: SubstrateParachain(MoonbaseRelay, 1000), id: XC20(XC20Token { asset_id: 222902676330054289648817870329963141953 }) }, amount: None, common: CommonExecutionMeta { src_addr: Ethereum(0x05a81d8564a3ea298660e34e03e5eff9a29d7a2a), dest_addr: Ethereum(0x05a81d8564a3ea298660e34e03e5eff9a29d7a2a), gas_fee_native: 1000000000, gas_fee_usd: 20000000000 }, status: NotStarted }) }
ExecutionPath 1: ExecutionPath (4 steps, amount_out = None):
  ExecutionStep { uuid: Uuid(0x00000000000000000000000000000000), inner: EthDexSwap(EthDexSwapStep { dex_router_addr: 0x8a1932d6e26433f3037bd6c3a40c816222a6ccd4, dex_router_func: SwapExactTokensForETH, token_path: [UniversalTokenId { chain: SubstrateParachain(MoonbaseRelay, 1000), id: ERC20(ERC20Token { addr: 0xcdf746c5c86df2c2772d2d36e227b4c0203cba25 }) }, UniversalTokenId { chain: SubstrateParachain(MoonbaseRelay, 1000), id: ERC20(ERC20Token { addr: 0xd909178cc99d318e4d46e7e66a972955859670e1 }) }], amount_in: Some(3000000000000000000), common: CommonExecutionMeta { src_addr: Ethereum(0x05a81d8564a3ea298660e34e03e5eff9a29d7a2a), dest_addr: Ethereum(0x05a81d8564a3ea298660e34e03e5eff9a29d7a2a), gas_fee_native: 118757000000000, gas_fee_usd: 2375140000000000 }, status: Confirmed(0xe39352617792c4d166c99bc24b51ef4155255f53858850f445b47551ed3b5ca1) }) }
  ExecutionStep { uuid: Uuid(0x00000000000000000000000000000000), inner: EthWrap(EthWrapStep { chain: SubstrateParachain(MoonbaseRelay, 1000), amount: Some(41126181921044987), common: CommonExecutionMeta { src_addr: Ethereum(0x05a81d8564a3ea298660e34e03e5eff9a29d7a2a), dest_addr: Ethereum(0x05a81d8564a3ea298660e34e03e5eff9a29d7a2a), gas_fee_native: 27810000000000, gas_fee_usd: 556200000000000 }, status: Confirmed(0x53e513a3505010c7c1a47cb70183af446d3337839c9df135f694806146948e6b) }) }
  ExecutionStep { uuid: Uuid(0x00000000000000000000000000000000), inner: EthUnwrap(EthUnwrapStep { chain: SubstrateParachain(MoonbaseRelay, 1000), amount: Some(41126181921044987), common: CommonExecutionMeta { src_addr: Ethereum(0x05a81d8564a3ea298660e34e03e5eff9a29d7a2a), dest_addr: Ethereum(0x05a81d8564a3ea298660e34e03e5eff9a29d7a2a), gas_fee_native: 35162000000000, gas_fee_usd: 703240000000000 }, status: Confirmed(0x63974ec3f007b54c30f73bfca4c7227f49b6e13fc3d1a395b11d7ca380891168) }) }
  ExecutionStep { uuid: Uuid(0x00000000000000000000000000000000), inner: XCMTransfer(XCMTransferStep { src_token: UniversalTokenId { chain: SubstrateParachain(MoonbaseRelay, 1000), id: Native }, dest_token: UniversalTokenId { chain: SubstrateParachain(MoonbaseRelay, 1000), id: XC20(XC20Token { asset_id: 222902676330054289648817870329963141953 }) }, token_asset_multilocation: MultiLocation { parents: 0, interior: X1(PalletInstance(3)) }, full_dest_multilocation: MultiLocation { parents: 1, interior: X2(Parachain(888), AccountKey20 { network: Any, key: [5, 168, 29, 133, 100, 163, 234, 41, 134, 96, 227, 78, 3, 229, 239, 249, 162, 157, 122, 42] }) }, amount_in: Some(41126181921044987), bridge_fee_native: 100000000, bridge_fee_usd: 3000000000000, common: CommonExecutionMeta { src_addr: Ethereum(0x05a81d8564a3ea298660e34e03e5eff9a29d7a2a), dest_addr: Ethereum(0x05a81d8564a3ea298660e34e03e5eff9a29d7a2a), gas_fee_native: 1000000000, gas_fee_usd: 20000000000 }, status: Submitted(Substrate(SubstratePendingExtrinsicId { start_block_num: 3516310, end_block_num: 3516374, extrinsic_hash: 0x926d56d57e6876460cb9e3519c5968cd17cd21a63e7e8c9b42da6c5201976ef2 }), SubstratePendingEventId { start_block_num: 3516310 }) }) }

Query: extrinsics(limit: 1, where: { block: { AND: { height_gte: 3516310, height_lte: 3516311 } }, hash_eq: \"0x926d56d57e6876460cb9e3519c5968cd17cd21a63e7e8c9b42da6c5201976ef2\" }) { block { height } indexInBlock success } 
Step forward result: Ok(StepForwardResult { did_status_change: false, amount_out: None })
Query: extrinsics(limit: 1, where: { block: { AND: { height_gte: 3516310, height_lte: 3516311 } }, hash_eq: \"0x926d56d57e6876460cb9e3519c5968cd17cd21a63e7e8c9b42da6c5201976ef2\" }) { block { height } indexInBlock success } 
Step forward result: Ok(StepForwardResult { did_status_change: false, amount_out: None })
Query: extrinsics(limit: 1, where: { block: { AND: { height_gte: 3516310, height_lte: 3516311 } }, hash_eq: \"0x926d56d57e6876460cb9e3519c5968cd17cd21a63e7e8c9b42da6c5201976ef2\" }) { block { height } indexInBlock success } 
Step forward result: Ok(StepForwardResult { did_status_change: false, amount_out: None })
Query: extrinsics(limit: 1, where: { block: { AND: { height_gte: 3516310, height_lte: 3516312 } }, hash_eq: \"0x926d56d57e6876460cb9e3519c5968cd17cd21a63e7e8c9b42da6c5201976ef2\" }) { block { height } indexInBlock success } 
Step forward result: Ok(StepForwardResult { did_status_change: false, amount_out: None })
Query: extrinsics(limit: 1, where: { block: { AND: { height_gte: 3516310, height_lte: 3516313 } }, hash_eq: \"0x926d56d57e6876460cb9e3519c5968cd17cd21a63e7e8c9b42da6c5201976ef2\" }) { block { height } indexInBlock success } 
Step forward result: Ok(StepForwardResult { did_status_change: false, amount_out: None })
Query: extrinsics(limit: 1, where: { block: { AND: { height_gte: 3516310, height_lte: 3516313 } }, hash_eq: \"0x926d56d57e6876460cb9e3519c5968cd17cd21a63e7e8c9b42da6c5201976ef2\" }) { block { height } indexInBlock success } 
Step forward result: Ok(StepForwardResult { did_status_change: true, amount_out: None })
[166 secs elapsed] State: InProgress, ExecutionPlan [Uuid(0x00000000000000000000000000000000)]: 
prestart_user_to_escrow_transfer = ExecutionStep { uuid: Uuid(0x00000000000000000000000000000000), inner: ERC20Transfer(ERC20TransferStep { token: UniversalTokenId { chain: SubstrateParachain(MoonbaseRelay, 1000), id: ERC20(ERC20Token { addr: 0xcdf746c5c86df2c2772d2d36e227b4c0203cba25 }) }, amount: Some(3000000000000000000), common: CommonExecutionMeta { src_addr: Ethereum(0x05a81d8564a3ea298660e34e03e5eff9a29d7a2a), dest_addr: Ethereum(0x05a81d8564a3ea298660e34e03e5eff9a29d7a2a), gas_fee_native: 27010000000000, gas_fee_usd: 540200000000000 }, status: Confirmed(0x830401b3b071a1c3c6e61db0a72902d82ca397d0b65567b0572fee875707abb9) }) }, 
postend_escrow_to_user_transfer = ExecutionStep { uuid: Uuid(0x00000000000000000000000000000000), inner: ERC20Transfer(ERC20TransferStep { token: UniversalTokenId { chain: SubstrateParachain(MoonbaseRelay, 1000), id: XC20(XC20Token { asset_id: 222902676330054289648817870329963141953 }) }, amount: None, common: CommonExecutionMeta { src_addr: Ethereum(0x05a81d8564a3ea298660e34e03e5eff9a29d7a2a), dest_addr: Ethereum(0x05a81d8564a3ea298660e34e03e5eff9a29d7a2a), gas_fee_native: 1000000000, gas_fee_usd: 20000000000 }, status: NotStarted }) }
ExecutionPath 1: ExecutionPath (4 steps, amount_out = None):
  ExecutionStep { uuid: Uuid(0x00000000000000000000000000000000), inner: EthDexSwap(EthDexSwapStep { dex_router_addr: 0x8a1932d6e26433f3037bd6c3a40c816222a6ccd4, dex_router_func: SwapExactTokensForETH, token_path: [UniversalTokenId { chain: SubstrateParachain(MoonbaseRelay, 1000), id: ERC20(ERC20Token { addr: 0xcdf746c5c86df2c2772d2d36e227b4c0203cba25 }) }, UniversalTokenId { chain: SubstrateParachain(MoonbaseRelay, 1000), id: ERC20(ERC20Token { addr: 0xd909178cc99d318e4d46e7e66a972955859670e1 }) }], amount_in: Some(3000000000000000000), common: CommonExecutionMeta { src_addr: Ethereum(0x05a81d8564a3ea298660e34e03e5eff9a29d7a2a), dest_addr: Ethereum(0x05a81d8564a3ea298660e34e03e5eff9a29d7a2a), gas_fee_native: 118757000000000, gas_fee_usd: 2375140000000000 }, status: Confirmed(0xe39352617792c4d166c99bc24b51ef4155255f53858850f445b47551ed3b5ca1) }) }
  ExecutionStep { uuid: Uuid(0x00000000000000000000000000000000), inner: EthWrap(EthWrapStep { chain: SubstrateParachain(MoonbaseRelay, 1000), amount: Some(41126181921044987), common: CommonExecutionMeta { src_addr: Ethereum(0x05a81d8564a3ea298660e34e03e5eff9a29d7a2a), dest_addr: Ethereum(0x05a81d8564a3ea298660e34e03e5eff9a29d7a2a), gas_fee_native: 27810000000000, gas_fee_usd: 556200000000000 }, status: Confirmed(0x53e513a3505010c7c1a47cb70183af446d3337839c9df135f694806146948e6b) }) }
  ExecutionStep { uuid: Uuid(0x00000000000000000000000000000000), inner: EthUnwrap(EthUnwrapStep { chain: SubstrateParachain(MoonbaseRelay, 1000), amount: Some(41126181921044987), common: CommonExecutionMeta { src_addr: Ethereum(0x05a81d8564a3ea298660e34e03e5eff9a29d7a2a), dest_addr: Ethereum(0x05a81d8564a3ea298660e34e03e5eff9a29d7a2a), gas_fee_native: 35162000000000, gas_fee_usd: 703240000000000 }, status: Confirmed(0x63974ec3f007b54c30f73bfca4c7227f49b6e13fc3d1a395b11d7ca380891168) }) }
  ExecutionStep { uuid: Uuid(0x00000000000000000000000000000000), inner: XCMTransfer(XCMTransferStep { src_token: UniversalTokenId { chain: SubstrateParachain(MoonbaseRelay, 1000), id: Native }, dest_token: UniversalTokenId { chain: SubstrateParachain(MoonbaseRelay, 1000), id: XC20(XC20Token { asset_id: 222902676330054289648817870329963141953 }) }, token_asset_multilocation: MultiLocation { parents: 0, interior: X1(PalletInstance(3)) }, full_dest_multilocation: MultiLocation { parents: 1, interior: X2(Parachain(888), AccountKey20 { network: Any, key: [5, 168, 29, 133, 100, 163, 234, 41, 134, 96, 227, 78, 3, 229, 239, 249, 162, 157, 122, 42] }) }, amount_in: Some(41126181921044987), bridge_fee_native: 100000000, bridge_fee_usd: 3000000000000, common: CommonExecutionMeta { src_addr: Ethereum(0x05a81d8564a3ea298660e34e03e5eff9a29d7a2a), dest_addr: Ethereum(0x05a81d8564a3ea298660e34e03e5eff9a29d7a2a), gas_fee_native: 1000000000, gas_fee_usd: 20000000000 }, status: LocalConfirmed(Substrate(SubstrateFinalizedExtrinsicId { block_num: 3516312, extrinsic_index: 5 }), SubstratePendingEventId { start_block_num: 3516310 }) }) }

Step forward result: Ok(StepForwardResult { did_status_change: false, amount_out: None })
Step forward result: Ok(StepForwardResult { did_status_change: false, amount_out: None })
Step forward result: Ok(StepForwardResult { did_status_change: false, amount_out: None })
...

[This never ends because there is no Subsquid Archive URL for Moonbase Beta, but if it were to succeed,
then the postend step would kick in!]

